<?xml version="1.0" encoding="UTF-8"?>
<testsuite xmlns:xsi="http://www.w3.org/2001/XMLSchema-instance" xsi:noNamespaceSchemaLocation="https://maven.apache.org/surefire/maven-surefire-plugin/xsd/surefire-test-report.xsd" version="3.0.2" name="org.acme.greeting.extension.deployment.GreetingExtensionTest" time="7.334" tests="1" errors="0" skipped="0" failures="0">
  <properties>
[...]
</properties>
  <testcase name="testGreeting" classname="org.acme.greeting.extension.deployment.GreetingExtensionTest" time="1.307">
    <system-out><![CDATA[2024-12-24 12:50:59,329 INFO  [io.quarkus] (main) greeting-extension-deployment 1.0.0-SNAPSHOT on JVM (powered by Quarkus 3.17.5) started in 0.718s. Listening on: http://localhost:8081
2024-12-24 12:50:59,333 INFO  [io.quarkus] (main) Profile test activated. 
2024-12-24 12:50:59,334 INFO  [io.quarkus] (main) Installed features: [cdi, greeting-extension, servlet, smallrye-context-propagation, vertx]
]]></system-out>
  </testcase>
</testsuite>